{"C:\\Repositorios\\fiap\\Payment-service\\src\\api\\apiClient.js": {"path":"C:\\Repositorios\\fiap\\Payment-service\\src\\api\\apiClient.js","statementMap":{"0":{"start":{"line":3,"column":20},"end":{"line":6,"column":2}},"1":{"start":{"line":3,"column":42},"end":{"line":6,"column":2}}},"fnMap":{"0":{"name":"(anonymous_0)","decl":{"start":{"line":3,"column":20},"end":{"line":3,"column":21}},"loc":{"start":{"line":3,"column":42},"end":{"line":6,"column":2}},"line":3}},"branchMap":{},"s":{"0":1,"1":0},"f":{"0":0},"b":{},"_coverageSchema":"1a1c01bbd47fc00a2c39e90264f33305004495a9","hash":"69795641827ebc49d1f075a7ae81f2e12f6dbbd9"}
,"C:\\Repositorios\\fiap\\Payment-service\\src\\api\\services\\payment.js": {"path":"C:\\Repositorios\\fiap\\Payment-service\\src\\api\\services\\payment.js","statementMap":{"0":{"start":{"line":3,"column":16},"end":{"line":3,"column":46}},"1":{"start":{"line":4,"column":16},"end":{"line":7,"column":1}},"2":{"start":{"line":9,"column":17},"end":{"line":9,"column":38}},"3":{"start":{"line":10,"column":24},"end":{"line":10,"column":51}},"4":{"start":{"line":13,"column":1},"end":{"line":13,"column":143}}},"fnMap":{"0":{"name":"createNewPayment","decl":{"start":{"line":12,"column":24},"end":{"line":12,"column":40}},"loc":{"start":{"line":12,"column":47},"end":{"line":14,"column":1}},"line":12}},"branchMap":{},"s":{"0":2,"1":2,"2":2,"3":2,"4":1},"f":{"0":1},"b":{},"_coverageSchema":"1a1c01bbd47fc00a2c39e90264f33305004495a9","hash":"e294904594954a9d5f54aa888d404ce0ed4b493b"}
,"C:\\Repositorios\\fiap\\Payment-service\\src\\api\\services\\sns.js": {"path":"C:\\Repositorios\\fiap\\Payment-service\\src\\api\\services\\sns.js","statementMap":{"0":{"start":{"line":4,"column":2},"end":{"line":9,"column":5}},"1":{"start":{"line":11,"column":14},"end":{"line":11,"column":27}},"2":{"start":{"line":13,"column":17},"end":{"line":17,"column":3}},"3":{"start":{"line":19,"column":2},"end":{"line":25,"column":5}},"4":{"start":{"line":20,"column":4},"end":{"line":24,"column":5}},"5":{"start":{"line":21,"column":6},"end":{"line":21,"column":53}},"6":{"start":{"line":23,"column":6},"end":{"line":23,"column":69}}},"fnMap":{"0":{"name":"sendSNSNotification","decl":{"start":{"line":3,"column":24},"end":{"line":3,"column":43}},"loc":{"start":{"line":3,"column":53},"end":{"line":26,"column":1}},"line":3},"1":{"name":"(anonymous_1)","decl":{"start":{"line":19,"column":22},"end":{"line":19,"column":23}},"loc":{"start":{"line":19,"column":43},"end":{"line":25,"column":3}},"line":19}},"branchMap":{"0":{"loc":{"start":{"line":20,"column":4},"end":{"line":24,"column":5}},"type":"if","locations":[{"start":{"line":20,"column":4},"end":{"line":24,"column":5}},{"start":{"line":22,"column":11},"end":{"line":24,"column":5}}],"line":20}},"s":{"0":3,"1":3,"2":3,"3":3,"4":0,"5":0,"6":0},"f":{"0":3,"1":0},"b":{"0":[0,0]},"_coverageSchema":"1a1c01bbd47fc00a2c39e90264f33305004495a9","hash":"8d67ffc80dd7f6dabec4c8e281a1bcf081abf00b"}
,"C:\\Repositorios\\fiap\\Payment-service\\src\\application\\paymentGateway.js": {"path":"C:\\Repositorios\\fiap\\Payment-service\\src\\application\\paymentGateway.js","statementMap":{"0":{"start":{"line":5,"column":13},"end":{"line":5,"column":65}},"1":{"start":{"line":5,"column":26},"end":{"line":5,"column":65}},"2":{"start":{"line":7,"column":1},"end":{"line":9,"column":2}}},"fnMap":{"0":{"name":"paymentGateway","decl":{"start":{"line":3,"column":24},"end":{"line":3,"column":38}},"loc":{"start":{"line":3,"column":41},"end":{"line":10,"column":1}},"line":3},"1":{"name":"(anonymous_1)","decl":{"start":{"line":5,"column":13},"end":{"line":5,"column":14}},"loc":{"start":{"line":5,"column":26},"end":{"line":5,"column":65}},"line":5}},"branchMap":{},"s":{"0":1,"1":0,"2":1},"f":{"0":1,"1":0},"b":{},"_coverageSchema":"1a1c01bbd47fc00a2c39e90264f33305004495a9","hash":"e4923a2f2297e8eca8b80e33f7a4bfef572026f9"}
,"C:\\Repositorios\\fiap\\Payment-service\\src\\application\\snsGateway.js": {"path":"C:\\Repositorios\\fiap\\Payment-service\\src\\application\\snsGateway.js","statementMap":{"0":{"start":{"line":4,"column":30},"end":{"line":4,"column":78}},"1":{"start":{"line":4,"column":43},"end":{"line":4,"column":78}},"2":{"start":{"line":6,"column":2},"end":{"line":8,"column":4}}},"fnMap":{"0":{"name":"snsGateway","decl":{"start":{"line":3,"column":24},"end":{"line":3,"column":34}},"loc":{"start":{"line":3,"column":37},"end":{"line":9,"column":1}},"line":3},"1":{"name":"(anonymous_1)","decl":{"start":{"line":4,"column":30},"end":{"line":4,"column":31}},"loc":{"start":{"line":4,"column":43},"end":{"line":4,"column":78}},"line":4}},"branchMap":{},"s":{"0":1,"1":1,"2":1},"f":{"0":1,"1":1},"b":{},"_coverageSchema":"1a1c01bbd47fc00a2c39e90264f33305004495a9","hash":"d64def6913792040b99717ef3477298165b172b7"}
,"C:\\Repositorios\\fiap\\Payment-service\\src\\controllers\\paymentController.js": {"path":"C:\\Repositorios\\fiap\\Payment-service\\src\\controllers\\paymentController.js","statementMap":{"0":{"start":{"line":5,"column":23},"end":{"line":21,"column":5}},"1":{"start":{"line":7,"column":56},"end":{"line":7,"column":64}},"2":{"start":{"line":9,"column":4},"end":{"line":20,"column":67}},"3":{"start":{"line":19,"column":25},"end":{"line":19,"column":42}},"4":{"start":{"line":20,"column":24},"end":{"line":20,"column":65}},"5":{"start":{"line":23,"column":2},"end":{"line":25,"column":4}}},"fnMap":{"0":{"name":"paymentController","decl":{"start":{"line":3,"column":24},"end":{"line":3,"column":41}},"loc":{"start":{"line":3,"column":44},"end":{"line":26,"column":1}},"line":3},"1":{"name":"(anonymous_1)","decl":{"start":{"line":5,"column":23},"end":{"line":5,"column":24}},"loc":{"start":{"line":5,"column":49},"end":{"line":21,"column":5}},"line":5},"2":{"name":"(anonymous_2)","decl":{"start":{"line":19,"column":12},"end":{"line":19,"column":13}},"loc":{"start":{"line":19,"column":25},"end":{"line":19,"column":42}},"line":19},"3":{"name":"(anonymous_3)","decl":{"start":{"line":20,"column":13},"end":{"line":20,"column":14}},"loc":{"start":{"line":20,"column":24},"end":{"line":20,"column":65}},"line":20}},"branchMap":{},"s":{"0":2,"1":2,"2":2,"3":1,"4":1,"5":2},"f":{"0":2,"1":2,"2":1,"3":1},"b":{},"_coverageSchema":"1a1c01bbd47fc00a2c39e90264f33305004495a9","hash":"e05e3591e630e742433315d4c9d7eb5c251d6d3a"}
,"C:\\Repositorios\\fiap\\Payment-service\\src\\entities\\Payment.js": {"path":"C:\\Repositorios\\fiap\\Payment-service\\src\\entities\\Payment.js","statementMap":{"0":{"start":{"line":10,"column":4},"end":{"line":18,"column":6}},"1":{"start":{"line":11,"column":28},"end":{"line":11,"column":39}},"2":{"start":{"line":12,"column":22},"end":{"line":12,"column":27}},"3":{"start":{"line":13,"column":22},"end":{"line":13,"column":27}},"4":{"start":{"line":14,"column":23},"end":{"line":14,"column":29}},"5":{"start":{"line":15,"column":22},"end":{"line":15,"column":27}},"6":{"start":{"line":16,"column":26},"end":{"line":16,"column":35}},"7":{"start":{"line":17,"column":26},"end":{"line":17,"column":35}}},"fnMap":{"0":{"name":"payment","decl":{"start":{"line":1,"column":24},"end":{"line":1,"column":31}},"loc":{"start":{"line":9,"column":4},"end":{"line":19,"column":3}},"line":9},"1":{"name":"(anonymous_1)","decl":{"start":{"line":11,"column":22},"end":{"line":11,"column":23}},"loc":{"start":{"line":11,"column":28},"end":{"line":11,"column":39}},"line":11},"2":{"name":"(anonymous_2)","decl":{"start":{"line":12,"column":16},"end":{"line":12,"column":17}},"loc":{"start":{"line":12,"column":22},"end":{"line":12,"column":27}},"line":12},"3":{"name":"(anonymous_3)","decl":{"start":{"line":13,"column":16},"end":{"line":13,"column":17}},"loc":{"start":{"line":13,"column":22},"end":{"line":13,"column":27}},"line":13},"4":{"name":"(anonymous_4)","decl":{"start":{"line":14,"column":17},"end":{"line":14,"column":18}},"loc":{"start":{"line":14,"column":23},"end":{"line":14,"column":29}},"line":14},"5":{"name":"(anonymous_5)","decl":{"start":{"line":15,"column":16},"end":{"line":15,"column":17}},"loc":{"start":{"line":15,"column":22},"end":{"line":15,"column":27}},"line":15},"6":{"name":"(anonymous_6)","decl":{"start":{"line":16,"column":20},"end":{"line":16,"column":21}},"loc":{"start":{"line":16,"column":26},"end":{"line":16,"column":35}},"line":16},"7":{"name":"(anonymous_7)","decl":{"start":{"line":17,"column":20},"end":{"line":17,"column":21}},"loc":{"start":{"line":17,"column":26},"end":{"line":17,"column":35}},"line":17}},"branchMap":{},"s":{"0":1,"1":1,"2":1,"3":1,"4":1,"5":1,"6":1,"7":1},"f":{"0":1,"1":1,"2":1,"3":1,"4":1,"5":1,"6":1,"7":1},"b":{},"_coverageSchema":"1a1c01bbd47fc00a2c39e90264f33305004495a9","hash":"27236f3b2a9c3ef80bf0ee36db0cf49763da5281"}
,"C:\\Repositorios\\fiap\\Payment-service\\src\\entities\\Sns.js": {"path":"C:\\Repositorios\\fiap\\Payment-service\\src\\entities\\Sns.js","statementMap":{"0":{"start":{"line":2,"column":4},"end":{"line":4,"column":5}},"1":{"start":{"line":3,"column":26},"end":{"line":3,"column":33}}},"fnMap":{"0":{"name":"Sns","decl":{"start":{"line":1,"column":24},"end":{"line":1,"column":27}},"loc":{"start":{"line":1,"column":37},"end":{"line":5,"column":1}},"line":1},"1":{"name":"(anonymous_1)","decl":{"start":{"line":3,"column":20},"end":{"line":3,"column":21}},"loc":{"start":{"line":3,"column":26},"end":{"line":3,"column":33}},"line":3}},"branchMap":{},"s":{"0":2,"1":2},"f":{"0":2,"1":2},"b":{},"_coverageSchema":"1a1c01bbd47fc00a2c39e90264f33305004495a9","hash":"62ea7a6b5327d6b82debfbc4e5d4ac60e28d7e5e"}
,"C:\\Repositorios\\fiap\\Payment-service\\src\\qrcode\\generateQrCode.js": {"path":"C:\\Repositorios\\fiap\\Payment-service\\src\\qrcode\\generateQrCode.js","statementMap":{"0":{"start":{"line":8,"column":19},"end":{"line":8,"column":36}},"1":{"start":{"line":11,"column":17},"end":{"line":11,"column":52}},"2":{"start":{"line":14,"column":23},"end":{"line":14,"column":57}},"3":{"start":{"line":17,"column":2},"end":{"line":17,"column":41}},"4":{"start":{"line":20,"column":19},"end":{"line":20,"column":54}},"5":{"start":{"line":22,"column":2},"end":{"line":22,"column":18}},"6":{"start":{"line":24,"column":22},"end":{"line":30,"column":1}},"7":{"start":{"line":25,"column":1},"end":{"line":29,"column":3}},"8":{"start":{"line":26,"column":21},"end":{"line":26,"column":64}},"9":{"start":{"line":27,"column":15},"end":{"line":27,"column":66}},"10":{"start":{"line":28,"column":2},"end":{"line":28,"column":19}}},"fnMap":{"0":{"name":"createTempLinkFromBase64","decl":{"start":{"line":6,"column":9},"end":{"line":6,"column":33}},"loc":{"start":{"line":6,"column":63},"end":{"line":23,"column":1}},"line":6},"1":{"name":"(anonymous_1)","decl":{"start":{"line":24,"column":22},"end":{"line":24,"column":23}},"loc":{"start":{"line":24,"column":35},"end":{"line":30,"column":1}},"line":24},"2":{"name":"(anonymous_2)","decl":{"start":{"line":25,"column":27},"end":{"line":25,"column":28}},"loc":{"start":{"line":25,"column":47},"end":{"line":29,"column":2}},"line":25}},"branchMap":{},"s":{"0":0,"1":0,"2":0,"3":0,"4":0,"5":0,"6":1,"7":0,"8":0,"9":0,"10":0},"f":{"0":0,"1":0,"2":0},"b":{},"_coverageSchema":"1a1c01bbd47fc00a2c39e90264f33305004495a9","hash":"342dfd9418d695e9acbe210eb3cf0b9960f83610"}
,"C:\\Repositorios\\fiap\\Payment-service\\src\\use_cases\\notification\\sns.js": {"path":"C:\\Repositorios\\fiap\\Payment-service\\src\\use_cases\\notification\\sns.js","statementMap":{"0":{"start":{"line":5,"column":23},"end":{"line":5,"column":35}},"1":{"start":{"line":6,"column":4},"end":{"line":6,"column":68}}},"fnMap":{"0":{"name":"createNotification","decl":{"start":{"line":4,"column":24},"end":{"line":4,"column":42}},"loc":{"start":{"line":4,"column":52},"end":{"line":7,"column":1}},"line":4}},"branchMap":{},"s":{"0":1,"1":1},"f":{"0":1},"b":{},"_coverageSchema":"1a1c01bbd47fc00a2c39e90264f33305004495a9","hash":"3627014881e4bb8e48f36a4e337d5b3e2172727e"}
,"C:\\Repositorios\\fiap\\Payment-service\\src\\use_cases\\payment\\add.js": {"path":"C:\\Repositorios\\fiap\\Payment-service\\src\\use_cases\\payment\\add.js","statementMap":{"0":{"start":{"line":5,"column":21},"end":{"line":5,"column":40}},"1":{"start":{"line":16,"column":4},"end":{"line":18,"column":5}},"2":{"start":{"line":17,"column":6},"end":{"line":17,"column":72}},"3":{"start":{"line":20,"column":21},"end":{"line":20,"column":92}},"4":{"start":{"line":21,"column":4},"end":{"line":21,"column":33}},"5":{"start":{"line":22,"column":4},"end":{"line":22,"column":42}}},"fnMap":{"0":{"name":"createPayment","decl":{"start":{"line":7,"column":24},"end":{"line":7,"column":37}},"loc":{"start":{"line":15,"column":1},"end":{"line":23,"column":1}},"line":15}},"branchMap":{"0":{"loc":{"start":{"line":16,"column":4},"end":{"line":18,"column":5}},"type":"if","locations":[{"start":{"line":16,"column":4},"end":{"line":18,"column":5}},{"start":{},"end":{}}],"line":16},"1":{"loc":{"start":{"line":16,"column":8},"end":{"line":16,"column":41}},"type":"binary-expr","locations":[{"start":{"line":16,"column":8},"end":{"line":16,"column":15}},{"start":{"line":16,"column":19},"end":{"line":16,"column":25}},{"start":{"line":16,"column":29},"end":{"line":16,"column":41}}],"line":16}},"s":{"0":1,"1":0,"2":0,"3":0,"4":0,"5":0},"f":{"0":0},"b":{"0":[0,0],"1":[0,0,0]},"_coverageSchema":"1a1c01bbd47fc00a2c39e90264f33305004495a9","hash":"b67fa00d2b588c4cb03400b0378a410d39874700"}
,"C:\\Repositorios\\fiap\\Payment-service\\src\\use_cases\\payment\\addMercadoPago.js": {"path":"C:\\Repositorios\\fiap\\Payment-service\\src\\use_cases\\payment\\addMercadoPago.js","statementMap":{"0":{"start":{"line":6,"column":1},"end":{"line":6,"column":43}},"1":{"start":{"line":6,"column":12},"end":{"line":6,"column":43}},"2":{"start":{"line":8,"column":17},"end":{"line":15,"column":2}},"3":{"start":{"line":17,"column":18},"end":{"line":17,"column":49}},"4":{"start":{"line":19,"column":21},"end":{"line":19,"column":34}},"5":{"start":{"line":20,"column":1},"end":{"line":20,"column":37}},"6":{"start":{"line":20,"column":14},"end":{"line":20,"column":37}},"7":{"start":{"line":22,"column":1},"end":{"line":26,"column":2}},"8":{"start":{"line":23,"column":2},"end":{"line":23,"column":45}},"9":{"start":{"line":25,"column":2},"end":{"line":25,"column":31}},"10":{"start":{"line":28,"column":1},"end":{"line":28,"column":30}}},"fnMap":{"0":{"name":"addPayment","decl":{"start":{"line":5,"column":30},"end":{"line":5,"column":40}},"loc":{"start":{"line":5,"column":47},"end":{"line":29,"column":1}},"line":5}},"branchMap":{"0":{"loc":{"start":{"line":6,"column":1},"end":{"line":6,"column":43}},"type":"if","locations":[{"start":{"line":6,"column":1},"end":{"line":6,"column":43}},{"start":{},"end":{}}],"line":6},"1":{"loc":{"start":{"line":20,"column":1},"end":{"line":20,"column":37}},"type":"if","locations":[{"start":{"line":20,"column":1},"end":{"line":20,"column":37}},{"start":{},"end":{}}],"line":20},"2":{"loc":{"start":{"line":22,"column":1},"end":{"line":26,"column":2}},"type":"if","locations":[{"start":{"line":22,"column":1},"end":{"line":26,"column":2}},{"start":{"line":24,"column":8},"end":{"line":26,"column":2}}],"line":22}},"s":{"0":0,"1":0,"2":0,"3":0,"4":0,"5":0,"6":0,"7":0,"8":0,"9":0,"10":0},"f":{"0":0},"b":{"0":[0,0],"1":[0,0],"2":[0,0]},"_coverageSchema":"1a1c01bbd47fc00a2c39e90264f33305004495a9","hash":"b82ecb7e05ddaa87c4c3ebb155da96965d6529c3"}
}
