TN:
SF:src\api\apiClient.js
FN:3,(anonymous_0)
FNF:1
FNH:0
FNDA:0,(anonymous_0)
DA:3,1
LF:1
LH:1
BRF:0
BRH:0
end_of_record
TN:
SF:src\api\services\payment.js
FN:12,createNewPayment
FNF:1
FNH:1
FNDA:1,createNewPayment
DA:3,2
DA:4,2
DA:9,2
DA:10,2
DA:13,1
LF:5
LH:5
BRF:0
BRH:0
end_of_record
TN:
SF:src\api\services\sns.js
FN:3,sendSNSNotification
FN:19,(anonymous_1)
FNF:2
FNH:1
FNDA:3,sendSNSNotification
FNDA:0,(anonymous_1)
DA:4,3
DA:11,3
DA:13,3
DA:19,3
DA:20,0
DA:21,0
DA:23,0
LF:7
LH:4
BRDA:20,0,0,0
BRDA:20,0,1,0
BRF:2
BRH:0
end_of_record
TN:
SF:src\application\paymentGateway.js
FN:3,paymentGateway
FN:5,(anonymous_1)
FNF:2
FNH:1
FNDA:1,paymentGateway
FNDA:0,(anonymous_1)
DA:5,1
DA:7,1
LF:2
LH:2
BRF:0
BRH:0
end_of_record
TN:
SF:src\application\snsGateway.js
FN:3,snsGateway
FN:4,(anonymous_1)
FNF:2
FNH:2
FNDA:1,snsGateway
FNDA:1,(anonymous_1)
DA:4,1
DA:6,1
LF:2
LH:2
BRF:0
BRH:0
end_of_record
TN:
SF:src\controllers\paymentController.js
FN:3,paymentController
FN:5,(anonymous_1)
FN:19,(anonymous_2)
FN:20,(anonymous_3)
FNF:4
FNH:4
FNDA:2,paymentController
FNDA:2,(anonymous_1)
FNDA:1,(anonymous_2)
FNDA:1,(anonymous_3)
DA:5,2
DA:7,2
DA:9,2
DA:19,1
DA:20,1
DA:23,2
LF:6
LH:6
BRF:0
BRH:0
end_of_record
TN:
SF:src\entities\Payment.js
FN:1,payment
FN:11,(anonymous_1)
FN:12,(anonymous_2)
FN:13,(anonymous_3)
FN:14,(anonymous_4)
FN:15,(anonymous_5)
FN:16,(anonymous_6)
FN:17,(anonymous_7)
FNF:8
FNH:8
FNDA:1,payment
FNDA:1,(anonymous_1)
FNDA:1,(anonymous_2)
FNDA:1,(anonymous_3)
FNDA:1,(anonymous_4)
FNDA:1,(anonymous_5)
FNDA:1,(anonymous_6)
FNDA:1,(anonymous_7)
DA:10,1
DA:11,1
DA:12,1
DA:13,1
DA:14,1
DA:15,1
DA:16,1
DA:17,1
LF:8
LH:8
BRF:0
BRH:0
end_of_record
TN:
SF:src\entities\Sns.js
FN:1,Sns
FN:3,(anonymous_1)
FNF:2
FNH:2
FNDA:2,Sns
FNDA:2,(anonymous_1)
DA:2,2
DA:3,2
LF:2
LH:2
BRF:0
BRH:0
end_of_record
TN:
SF:src\qrcode\generateQrCode.js
FN:6,createTempLinkFromBase64
FN:24,(anonymous_1)
FN:25,(anonymous_2)
FNF:3
FNH:0
FNDA:0,createTempLinkFromBase64
FNDA:0,(anonymous_1)
FNDA:0,(anonymous_2)
DA:8,0
DA:11,0
DA:14,0
DA:17,0
DA:20,0
DA:22,0
DA:24,1
DA:25,0
DA:26,0
DA:27,0
DA:28,0
LF:11
LH:1
BRF:0
BRH:0
end_of_record
TN:
SF:src\use_cases\notification\sns.js
FN:4,createNotification
FNF:1
FNH:1
FNDA:1,createNotification
DA:5,1
DA:6,1
LF:2
LH:2
BRF:0
BRH:0
end_of_record
TN:
SF:src\use_cases\payment\add.js
FN:7,createPayment
FNF:1
FNH:0
FNDA:0,createPayment
DA:5,1
DA:16,0
DA:17,0
DA:20,0
DA:21,0
DA:22,0
LF:6
LH:1
BRDA:16,0,0,0
BRDA:16,0,1,0
BRDA:16,1,0,0
BRDA:16,1,1,0
BRDA:16,1,2,0
BRF:5
BRH:0
end_of_record
TN:
SF:src\use_cases\payment\addMercadoPago.js
FN:5,addPayment
FNF:1
FNH:0
FNDA:0,addPayment
DA:6,0
DA:8,0
DA:17,0
DA:19,0
DA:20,0
DA:22,0
DA:23,0
DA:25,0
DA:28,0
LF:9
LH:0
BRDA:6,0,0,0
BRDA:6,0,1,0
BRDA:20,1,0,0
BRDA:20,1,1,0
BRDA:22,2,0,0
BRDA:22,2,1,0
BRF:6
BRH:0
end_of_record
